<?xml version="1.0" encoding="UTF-8"?>
<!-- Generated by org.testng.reporters.JUnitReportReporter -->
<testsuite hostname="DESKTOP-23IQLTI" failures="0" tests="6" name="com.comcast.crm.contacttest.CreateContactTest" time="220.424" errors="0" timestamp="20 Feb 2025 11:04:29 GMT" skipped="0">
  <testcase classname="com.comcast.crm.contacttest.CreateContactTest" name="createContactWithOrg" time="49.935"/>
  <testcase classname="com.comcast.crm.contacttest.CreateContactTest" name="createContactWithSupportDate" time="28.460"/>
  <testcase classname="com.comcast.crm.contacttest.CreateContactTest" name="createContactTest" time="30.961"/>
  <testcase classname="com.comcast.crm.contacttest.CreateContactTest" name="createContactWithSupportDate" time="29.753"/>
  <testcase classname="com.comcast.crm.contacttest.CreateContactTest" name="createContactTest" time="31.439"/>
  <testcase classname="com.comcast.crm.contacttest.CreateContactTest" name="createContactWithOrg" time="49.876"/>
</testsuite> <!-- com.comcast.crm.contacttest.CreateContactTest -->
