<?xml version="1.0" encoding="UTF-8"?>
<!-- Generated by org.testng.reporters.JUnitReportReporter -->
<testsuite hostname="DESKTOP-23IQLTI" failures="0" tests="1" name="com.comcast.crm.contacttest.CreateContactTest" time="30.703" errors="0" timestamp="27 Feb 2025 06:07:10 GMT" skipped="0">
  <testcase classname="com.comcast.crm.contacttest.CreateContactTest" name="createContactWithOrg" time="30.703"/>
</testsuite> <!-- com.comcast.crm.contacttest.CreateContactTest -->
