<?xml version="1.0" encoding="UTF-8"?>
<!-- Generated by org.testng.reporters.JUnitReportReporter -->
<testsuite hostname="DESKTOP-23IQLTI" failures="0" tests="1" name="miscilleneous.concepts.brokenLinksConcept" time="145.234" errors="0" timestamp="17 Feb 2025 11:48:31 GMT" skipped="0">
  <testcase classname="miscilleneous.concepts.brokenLinksConcept" name="demoApps" time="145.234"/>
</testsuite> <!-- miscilleneous.concepts.brokenLinksConcept -->
