<?xml version="1.0" encoding="UTF-8"?>
<!-- Generated by org.testng.reporters.JUnitReportReporter -->
<testsuite hostname="DESKTOP-23IQLTI" failures="0" tests="1" name="practice.testNG.SampleReportTest" time="5.023" errors="0" timestamp="19 Feb 2025 10:57:28 GMT" skipped="0">
  <testcase classname="practice.testNG.SampleReportTest" name="createContactTest" time="5.023"/>
</testsuite> <!-- practice.testNG.SampleReportTest -->
