<?xml version="1.0" encoding="UTF-8"?>
<!-- Generated by org.testng.reporters.JUnitReportReporter -->
<testsuite hostname="DESKTOP-23IQLTI" failures="0" tests="1" name="miscilleneous.concepts.redBusSelectDate" time="14.299" errors="0" timestamp="17 Feb 2025 10:44:37 GMT" skipped="0">
  <testcase classname="miscilleneous.concepts.redBusSelectDate" name="goibibo_selectDate" time="14.299"/>
</testsuite> <!-- miscilleneous.concepts.redBusSelectDate -->
