<?xml version="1.0" encoding="UTF-8"?>
<!-- Generated by org.testng.reporters.JUnitReportReporter -->
<testsuite hostname="DESKTOP-23IQLTI" failures="0" tests="1" name="practice.pom.repository.SampleTestwithPom" time="7.514" errors="0" timestamp="07 Feb 2025 10:53:49 GMT" skipped="0">
  <testcase classname="practice.pom.repository.SampleTestwithPom" name="sampleTest" time="7.514"/>
</testsuite> <!-- practice.pom.repository.SampleTestwithPom -->
