<?xml version="1.0" encoding="UTF-8"?>
<!-- Generated by org.testng.reporters.JUnitReportReporter -->
<testsuite hostname="DESKTOP-23IQLTI" failures="0" tests="6" name="com.comcast.crm.orgtest.CreateOrganisationTest" time="177.777" errors="0" timestamp="20 Feb 2025 11:04:29 GMT" skipped="0">
  <testcase classname="com.comcast.crm.orgtest.CreateOrganisationTest" name="createOrgWithPhoneNumber" time="27.868"/>
  <testcase classname="com.comcast.crm.orgtest.CreateOrganisationTest" name="createOrgWithIndustries" time="36.386"/>
  <testcase classname="com.comcast.crm.orgtest.CreateOrganisationTest" name="createOrgWithPhoneNumber" time="26.116"/>
  <testcase classname="com.comcast.crm.orgtest.CreateOrganisationTest" name="createOrgWithIndustries" time="31.889"/>
  <testcase classname="com.comcast.crm.orgtest.CreateOrganisationTest" name="createOrganisationTest" time="26.117"/>
  <testcase classname="com.comcast.crm.orgtest.CreateOrganisationTest" name="createOrganisationTest" time="29.401"/>
</testsuite> <!-- com.comcast.crm.orgtest.CreateOrganisationTest -->
