<?xml version="1.0" encoding="UTF-8"?>
<!-- Generated by org.testng.reporters.JUnitReportReporter -->
<testsuite hostname="DESKTOP-23IQLTI" failures="0" tests="1" name="mock.createLead" time="34.062" errors="0" timestamp="18 Feb 2025 07:47:11 GMT" skipped="0">
  <testcase classname="mock.createLead" name="createlead" time="34.062"/>
</testsuite> <!-- mock.createLead -->
