<?xml version="1.0" encoding="UTF-8"?>
<!-- Generated by org.testng.reporters.JUnitReportReporter -->
<testsuite hostname="DESKTOP-23IQLTI" failures="0" tests="1" name="practice.testNG.SampleReportTests" time="4.005" errors="0" timestamp="26 Feb 2025 11:34:39 GMT" skipped="0">
  <testcase classname="practice.testNG.SampleReportTests" name="createContactTest" time="4.005"/>
</testsuite> <!-- practice.testNG.SampleReportTests -->
