<?xml version="1.0" encoding="UTF-8"?>
<!-- Generated by org.testng.reporters.JUnitReportReporter -->
<testsuite hostname="DESKTOP-23IQLTI" failures="0" tests="1" name="practice.testNG.SampleReportTest" time="4.506" errors="0" timestamp="26 Feb 2025 11:23:37 GMT" skipped="0">
  <testcase classname="practice.testNG.SampleReportTest" name="createContactTest" time="4.506"/>
</testsuite> <!-- practice.testNG.SampleReportTest -->
