<?xml version="1.0" encoding="UTF-8"?>
<!-- Generated by org.testng.reporters.JUnitReportReporter -->
<testsuite hostname="DESKTOP-23IQLTI" failures="0" tests="1" name="com.comcast.crm.orgtest.CreateOrganisationTest" time="9.839" errors="0" timestamp="27 Feb 2025 06:56:08 GMT" skipped="0">
  <testcase classname="com.comcast.crm.orgtest.CreateOrganisationTest" name="createOrganisationTest" time="9.839"/>
</testsuite> <!-- com.comcast.crm.orgtest.CreateOrganisationTest -->
